Analysis & Synthesis report for RV32I
Tue May 28 00:34:21 2024
Quartus Prime Version 17.1.0 Build 590 10/25/2017 SJ Lite Edition


---------------------
; Table of Contents ;
---------------------
  1. Legal Notice
  2. Analysis & Synthesis Summary
  3. Analysis & Synthesis Settings
  4. Parallel Compilation
  5. Analysis & Synthesis Source Files Read
  6. Analysis & Synthesis Resource Usage Summary
  7. Analysis & Synthesis Resource Utilization by Entity
  8. General Register Statistics
  9. Parameter Settings for User Entity Instance: instr_memory:instruction_memory
 10. Parameter Settings for User Entity Instance: reg_file:register_file
 11. Port Connectivity Checks: "alu:ALU1"
 12. Port Connectivity Checks: "pc_unit:program_counter"
 13. Post-Synthesis Netlist Statistics for Top Partition
 14. Elapsed Time Per Partition
 15. Analysis & Synthesis Messages



----------------
; Legal Notice ;
----------------
Copyright (C) 2017  Intel Corporation. All rights reserved.
Your use of Intel Corporation's design tools, logic functions 
and other software and tools, and its AMPP partner logic 
functions, and any output files from any of the foregoing 
(including device programming or simulation files), and any 
associated documentation or information are expressly subject 
to the terms and conditions of the Intel Program License 
Subscription Agreement, the Intel Quartus Prime License Agreement,
the Intel FPGA IP License Agreement, or other applicable license
agreement, including, without limitation, that your use is for
the sole purpose of programming logic devices manufactured by
Intel and sold by Intel or its authorized distributors.  Please
refer to the applicable agreement for further details.



+-------------------------------------------------------------------------------+
; Analysis & Synthesis Summary                                                  ;
+---------------------------------+---------------------------------------------+
; Analysis & Synthesis Status     ; Successful - Tue May 28 00:34:21 2024       ;
; Quartus Prime Version           ; 17.1.0 Build 590 10/25/2017 SJ Lite Edition ;
; Revision Name                   ; RV32I                                       ;
; Top-level Entity Name           ; top_level                                   ;
; Family                          ; Cyclone V                                   ;
; Logic utilization (in ALMs)     ; N/A                                         ;
; Total registers                 ; 0                                           ;
; Total pins                      ; 2                                           ;
; Total virtual pins              ; 0                                           ;
; Total block memory bits         ; 0                                           ;
; Total DSP Blocks                ; 0                                           ;
; Total HSSI RX PCSs              ; 0                                           ;
; Total HSSI PMA RX Deserializers ; 0                                           ;
; Total HSSI TX PCSs              ; 0                                           ;
; Total HSSI PMA TX Serializers   ; 0                                           ;
; Total PLLs                      ; 0                                           ;
; Total DLLs                      ; 0                                           ;
+---------------------------------+---------------------------------------------+


+---------------------------------------------------------------------------------------------------------------------------+
; Analysis & Synthesis Settings                                                                                             ;
+---------------------------------------------------------------------------------+--------------------+--------------------+
; Option                                                                          ; Setting            ; Default Value      ;
+---------------------------------------------------------------------------------+--------------------+--------------------+
; Device                                                                          ; 5CGXFC7C7F23C8     ;                    ;
; Top-level entity name                                                           ; top_level          ; RV32I              ;
; Family name                                                                     ; Cyclone V          ; Cyclone V          ;
; Use smart compilation                                                           ; Off                ; Off                ;
; Enable parallel Assembler and TimeQuest Timing Analyzer during compilation      ; On                 ; On                 ;
; Enable compact report table                                                     ; Off                ; Off                ;
; Restructure Multiplexers                                                        ; Auto               ; Auto               ;
; MLAB Add Timing Constraints For Mixed-Port Feed-Through Mode Setting Don't Care ; Off                ; Off                ;
; Create Debugging Nodes for IP Cores                                             ; Off                ; Off                ;
; Preserve fewer node names                                                       ; On                 ; On                 ;
; Intel FPGA IP Evaluation Mode                                                   ; Enable             ; Enable             ;
; Verilog Version                                                                 ; Verilog_2001       ; Verilog_2001       ;
; VHDL Version                                                                    ; VHDL_1993          ; VHDL_1993          ;
; State Machine Processing                                                        ; Auto               ; Auto               ;
; Safe State Machine                                                              ; Off                ; Off                ;
; Extract Verilog State Machines                                                  ; On                 ; On                 ;
; Extract VHDL State Machines                                                     ; On                 ; On                 ;
; Ignore Verilog initial constructs                                               ; Off                ; Off                ;
; Iteration limit for constant Verilog loops                                      ; 5000               ; 5000               ;
; Iteration limit for non-constant Verilog loops                                  ; 250                ; 250                ;
; Add Pass-Through Logic to Inferred RAMs                                         ; On                 ; On                 ;
; Infer RAMs from Raw Logic                                                       ; On                 ; On                 ;
; Parallel Synthesis                                                              ; On                 ; On                 ;
; DSP Block Balancing                                                             ; Auto               ; Auto               ;
; NOT Gate Push-Back                                                              ; On                 ; On                 ;
; Power-Up Don't Care                                                             ; On                 ; On                 ;
; Remove Redundant Logic Cells                                                    ; Off                ; Off                ;
; Remove Duplicate Registers                                                      ; On                 ; On                 ;
; Ignore CARRY Buffers                                                            ; Off                ; Off                ;
; Ignore CASCADE Buffers                                                          ; Off                ; Off                ;
; Ignore GLOBAL Buffers                                                           ; Off                ; Off                ;
; Ignore ROW GLOBAL Buffers                                                       ; Off                ; Off                ;
; Ignore LCELL Buffers                                                            ; Off                ; Off                ;
; Ignore SOFT Buffers                                                             ; On                 ; On                 ;
; Limit AHDL Integers to 32 Bits                                                  ; Off                ; Off                ;
; Optimization Technique                                                          ; Balanced           ; Balanced           ;
; Carry Chain Length                                                              ; 70                 ; 70                 ;
; Auto Carry Chains                                                               ; On                 ; On                 ;
; Auto Open-Drain Pins                                                            ; On                 ; On                 ;
; Perform WYSIWYG Primitive Resynthesis                                           ; Off                ; Off                ;
; Auto ROM Replacement                                                            ; On                 ; On                 ;
; Auto RAM Replacement                                                            ; On                 ; On                 ;
; Auto DSP Block Replacement                                                      ; On                 ; On                 ;
; Auto Shift Register Replacement                                                 ; Auto               ; Auto               ;
; Allow Shift Register Merging across Hierarchies                                 ; Auto               ; Auto               ;
; Auto Clock Enable Replacement                                                   ; On                 ; On                 ;
; Strict RAM Replacement                                                          ; Off                ; Off                ;
; Allow Synchronous Control Signals                                               ; On                 ; On                 ;
; Force Use of Synchronous Clear Signals                                          ; Off                ; Off                ;
; Auto Resource Sharing                                                           ; Off                ; Off                ;
; Allow Any RAM Size For Recognition                                              ; Off                ; Off                ;
; Allow Any ROM Size For Recognition                                              ; Off                ; Off                ;
; Allow Any Shift Register Size For Recognition                                   ; Off                ; Off                ;
; Use LogicLock Constraints during Resource Balancing                             ; On                 ; On                 ;
; Ignore translate_off and synthesis_off directives                               ; Off                ; Off                ;
; Timing-Driven Synthesis                                                         ; On                 ; On                 ;
; Report Parameter Settings                                                       ; On                 ; On                 ;
; Report Source Assignments                                                       ; On                 ; On                 ;
; Report Connectivity Checks                                                      ; On                 ; On                 ;
; Ignore Maximum Fan-Out Assignments                                              ; Off                ; Off                ;
; Synchronization Register Chain Length                                           ; 3                  ; 3                  ;
; Power Optimization During Synthesis                                             ; Normal compilation ; Normal compilation ;
; HDL message level                                                               ; Level2             ; Level2             ;
; Suppress Register Optimization Related Messages                                 ; Off                ; Off                ;
; Number of Removed Registers Reported in Synthesis Report                        ; 5000               ; 5000               ;
; Number of Swept Nodes Reported in Synthesis Report                              ; 5000               ; 5000               ;
; Number of Inverted Registers Reported in Synthesis Report                       ; 100                ; 100                ;
; Clock MUX Protection                                                            ; On                 ; On                 ;
; Auto Gated Clock Conversion                                                     ; Off                ; Off                ;
; Block Design Naming                                                             ; Auto               ; Auto               ;
; SDC constraint protection                                                       ; Off                ; Off                ;
; Synthesis Effort                                                                ; Auto               ; Auto               ;
; Shift Register Replacement - Allow Asynchronous Clear Signal                    ; On                 ; On                 ;
; Pre-Mapping Resynthesis Optimization                                            ; Off                ; Off                ;
; Analysis & Synthesis Message Level                                              ; Medium             ; Medium             ;
; Disable Register Merging Across Hierarchies                                     ; Auto               ; Auto               ;
; Resource Aware Inference For Block RAM                                          ; On                 ; On                 ;
; Automatic Parallel Synthesis                                                    ; On                 ; On                 ;
; Partial Reconfiguration Bitstream ID                                            ; Off                ; Off                ;
+---------------------------------------------------------------------------------+--------------------+--------------------+


+------------------------------------------+
; Parallel Compilation                     ;
+----------------------------+-------------+
; Processors                 ; Number      ;
+----------------------------+-------------+
; Number detected on machine ; 8           ;
; Maximum allowed            ; 4           ;
;                            ;             ;
; Average used               ; 1.00        ;
; Maximum used               ; 1           ;
;                            ;             ;
; Usage by Processor         ; % Time Used ;
;     Processor 1            ; 100.0%      ;
+----------------------------+-------------+


+--------------------------------------------------------------------------------------------------------------------------------------------------------------------+
; Analysis & Synthesis Source Files Read                                                                                                                             ;
+----------------------------------+-----------------+-----------------+-----------------------------------------------------------------------------------+---------+
; File Name with User-Entered Path ; Used in Netlist ; File Type       ; File Name with Absolute Path                                                      ; Library ;
+----------------------------------+-----------------+-----------------+-----------------------------------------------------------------------------------+---------+
; pc_unit.vhd                      ; yes             ; User VHDL File  ; C:/Users/TRETEC/Documents/Master_1/M1_project/RISC_V/myown_riscv/pc_unit.vhd      ;         ;
; constants.vhd                    ; yes             ; User VHDL File  ; C:/Users/TRETEC/Documents/Master_1/M1_project/RISC_V/myown_riscv/constants.vhd    ;         ;
; instr_memory.vhd                 ; yes             ; User VHDL File  ; C:/Users/TRETEC/Documents/Master_1/M1_project/RISC_V/myown_riscv/instr_memory.vhd ;         ;
; decoder.vhd                      ; yes             ; User VHDL File  ; C:/Users/TRETEC/Documents/Master_1/M1_project/RISC_V/myown_riscv/decoder.vhd      ;         ;
; top_level.vhd                    ; yes             ; User VHDL File  ; C:/Users/TRETEC/Documents/Master_1/M1_project/RISC_V/myown_riscv/top_level.vhd    ;         ;
; reg_file.vhd                     ; yes             ; User VHDL File  ; C:/Users/TRETEC/Documents/Master_1/M1_project/RISC_V/myown_riscv/reg_file.vhd     ;         ;
; alu.vhd                          ; yes             ; User VHDL File  ; C:/Users/TRETEC/Documents/Master_1/M1_project/RISC_V/myown_riscv/alu.vhd          ;         ;
; data_memory.vhd                  ; yes             ; User VHDL File  ; C:/Users/TRETEC/Documents/Master_1/M1_project/RISC_V/myown_riscv/data_memory.vhd  ;         ;
; LM.vhd                           ; yes             ; User VHDL File  ; C:/Users/TRETEC/Documents/Master_1/M1_project/RISC_V/myown_riscv/LM.vhd           ;         ;
; SM.vhd                           ; yes             ; User VHDL File  ; C:/Users/TRETEC/Documents/Master_1/M1_project/RISC_V/myown_riscv/SM.vhd           ;         ;
; BC.vhd                           ; yes             ; User VHDL File  ; C:/Users/TRETEC/Documents/Master_1/M1_project/RISC_V/myown_riscv/BC.vhd           ;         ;
+----------------------------------+-----------------+-----------------+-----------------------------------------------------------------------------------+---------+


+-----------------------------------------------------+
; Analysis & Synthesis Resource Usage Summary         ;
+---------------------------------------------+-------+
; Resource                                    ; Usage ;
+---------------------------------------------+-------+
; Estimate of Logic utilization (ALMs needed) ; 0     ;
;                                             ;       ;
; Combinational ALUT usage for logic          ; 0     ;
;     -- 7 input functions                    ; 0     ;
;     -- 6 input functions                    ; 0     ;
;     -- 5 input functions                    ; 0     ;
;     -- 4 input functions                    ; 0     ;
;     -- <=3 input functions                  ; 0     ;
;                                             ;       ;
; Dedicated logic registers                   ; 0     ;
;                                             ;       ;
; I/O pins                                    ; 2     ;
;                                             ;       ;
; Total DSP Blocks                            ; 0     ;
;                                             ;       ;
; Maximum fan-out node                        ; clk   ;
; Maximum fan-out                             ; 1     ;
; Total fan-out                               ; 2     ;
; Average fan-out                             ; 0.50  ;
+---------------------------------------------+-------+


+----------------------------------------------------------------------------------------------------------------------------------------------------------------------------------------+
; Analysis & Synthesis Resource Utilization by Entity                                                                                                                                    ;
+----------------------------+---------------------+---------------------------+-------------------+------------+------+--------------+---------------------+-------------+--------------+
; Compilation Hierarchy Node ; Combinational ALUTs ; Dedicated Logic Registers ; Block Memory Bits ; DSP Blocks ; Pins ; Virtual Pins ; Full Hierarchy Name ; Entity Name ; Library Name ;
+----------------------------+---------------------+---------------------------+-------------------+------------+------+--------------+---------------------+-------------+--------------+
; |top_level                 ; 0 (0)               ; 0 (0)                     ; 0                 ; 0          ; 2    ; 0            ; |top_level          ; top_level   ; work         ;
+----------------------------+---------------------+---------------------------+-------------------+------------+------+--------------+---------------------+-------------+--------------+
Note: For table entries with two numbers listed, the numbers in parentheses indicate the number of resources of the given type used by the specific entity alone. The numbers listed outside of parentheses indicate the total resources of the given type used by the specific entity and all of its sub-entities in the hierarchy.


+------------------------------------------------------+
; General Register Statistics                          ;
+----------------------------------------------+-------+
; Statistic                                    ; Value ;
+----------------------------------------------+-------+
; Total registers                              ; 0     ;
; Number of registers using Synchronous Clear  ; 0     ;
; Number of registers using Synchronous Load   ; 0     ;
; Number of registers using Asynchronous Clear ; 0     ;
; Number of registers using Asynchronous Load  ; 0     ;
; Number of registers using Clock Enable       ; 0     ;
; Number of registers using Preset             ; 0     ;
+----------------------------------------------+-------+


+------------------------------------------------------------------------------+
; Parameter Settings for User Entity Instance: instr_memory:instruction_memory ;
+----------------+--------------+----------------------------------------------+
; Parameter Name ; Value        ; Type                                         ;
+----------------+--------------+----------------------------------------------+
; DATA_WIDTH     ; 32           ; Signed Integer                               ;
; ADDR_WIDTH     ; 8            ; Signed Integer                               ;
; MEM_DEPTH      ; 100          ; Signed Integer                               ;
; INIT_FILE      ; imm_test.txt ; String                                       ;
+----------------+--------------+----------------------------------------------+
Note: In order to hide this table in the UI and the text report file, please set the "Show Parameter Settings in Synthesis Report" option in "Analysis and Synthesis Settings -> More Settings" to "Off".


+---------------------------------------------------------------------+
; Parameter Settings for User Entity Instance: reg_file:register_file ;
+----------------+-------+--------------------------------------------+
; Parameter Name ; Value ; Type                                       ;
+----------------+-------+--------------------------------------------+
; DATA_WIDTH     ; 32    ; Signed Integer                             ;
; ADDR_WIDTH     ; 5     ; Signed Integer                             ;
+----------------+-------+--------------------------------------------+
Note: In order to hide this table in the UI and the text report file, please set the "Show Parameter Settings in Synthesis Report" option in "Analysis and Synthesis Settings -> More Settings" to "Off".


+---------------------------------------------------------------------------------------------------------------------+
; Port Connectivity Checks: "alu:ALU1"                                                                                ;
+-----------+--------+----------+-------------------------------------------------------------------------------------+
; Port      ; Type   ; Severity ; Details                                                                             ;
+-----------+--------+----------+-------------------------------------------------------------------------------------+
; zero_flag ; Output ; Info     ; Connected to dangling logic. Logic that only feeds a dangling port will be removed. ;
+-----------+--------+----------+-------------------------------------------------------------------------------------+


+-----------------------------------------------------+
; Port Connectivity Checks: "pc_unit:program_counter" ;
+------+-------+----------+---------------------------+
; Port ; Type  ; Severity ; Details                   ;
+------+-------+----------+---------------------------+
; i_en ; Input ; Info     ; Stuck at VCC              ;
+------+-------+----------+---------------------------+


+-----------------------------------------------------+
; Post-Synthesis Netlist Statistics for Top Partition ;
+-------------------+---------------------------------+
; Type              ; Count                           ;
+-------------------+---------------------------------+
; boundary_port     ; 2                               ;
;                   ;                                 ;
; Max LUT depth     ; 0.00                            ;
; Average LUT depth ; 0.00                            ;
+-------------------+---------------------------------+


+-------------------------------+
; Elapsed Time Per Partition    ;
+----------------+--------------+
; Partition Name ; Elapsed Time ;
+----------------+--------------+
; Top            ; 00:00:00     ;
+----------------+--------------+


+-------------------------------+
; Analysis & Synthesis Messages ;
+-------------------------------+
Info: *******************************************************************
Info: Running Quartus Prime Analysis & Synthesis
    Info: Version 17.1.0 Build 590 10/25/2017 SJ Lite Edition
    Info: Processing started: Tue May 28 00:34:10 2024
Info: Command: quartus_map --read_settings_files=on --write_settings_files=off RV32I -c RV32I
Warning (18236): Number of processors has not been specified which may cause overloading on shared machines.  Set the global assignment NUM_PARALLEL_PROCESSORS in your QSF to an appropriate value for best performance.
Info (20030): Parallel compilation is enabled and will use 4 of the 4 processors detected
Info (12021): Found 2 design units, including 1 entities, in source file pc_unit.vhd
    Info (12022): Found design unit 1: pc_unit-behavioral File: C:/Users/TRETEC/Documents/Master_1/M1_project/RISC_V/myown_riscv/pc_unit.vhd Line: 22
    Info (12023): Found entity 1: pc_unit File: C:/Users/TRETEC/Documents/Master_1/M1_project/RISC_V/myown_riscv/pc_unit.vhd Line: 13
Info (12021): Found 2 design units, including 0 entities, in source file constants.vhd
    Info (12022): Found design unit 1: constants File: C:/Users/TRETEC/Documents/Master_1/M1_project/RISC_V/myown_riscv/constants.vhd Line: 5
    Info (12022): Found design unit 2: constants-body File: C:/Users/TRETEC/Documents/Master_1/M1_project/RISC_V/myown_riscv/constants.vhd Line: 29
Info (12021): Found 2 design units, including 1 entities, in source file instr_memory.vhd
    Info (12022): Found design unit 1: instr_memory-Behavioral File: C:/Users/TRETEC/Documents/Master_1/M1_project/RISC_V/myown_riscv/instr_memory.vhd Line: 27
    Info (12023): Found entity 1: instr_memory File: C:/Users/TRETEC/Documents/Master_1/M1_project/RISC_V/myown_riscv/instr_memory.vhd Line: 9
Info (12021): Found 2 design units, including 1 entities, in source file decoder.vhd
    Info (12022): Found design unit 1: decoder-behavioral File: C:/Users/TRETEC/Documents/Master_1/M1_project/RISC_V/myown_riscv/decoder.vhd Line: 25
    Info (12023): Found entity 1: decoder File: C:/Users/TRETEC/Documents/Master_1/M1_project/RISC_V/myown_riscv/decoder.vhd Line: 4
Info (12021): Found 2 design units, including 1 entities, in source file top_level.vhd
    Info (12022): Found design unit 1: top_level-behavioral File: C:/Users/TRETEC/Documents/Master_1/M1_project/RISC_V/myown_riscv/top_level.vhd Line: 19
    Info (12023): Found entity 1: top_level File: C:/Users/TRETEC/Documents/Master_1/M1_project/RISC_V/myown_riscv/top_level.vhd Line: 9
Info (12021): Found 2 design units, including 1 entities, in source file reg_file.vhd
    Info (12022): Found design unit 1: reg_file-rtl File: C:/Users/TRETEC/Documents/Master_1/M1_project/RISC_V/myown_riscv/reg_file.vhd Line: 31
    Info (12023): Found entity 1: reg_file File: C:/Users/TRETEC/Documents/Master_1/M1_project/RISC_V/myown_riscv/reg_file.vhd Line: 5
Info (12021): Found 2 design units, including 1 entities, in source file alu.vhd
    Info (12022): Found design unit 1: alu-Behavioral File: C:/Users/TRETEC/Documents/Master_1/M1_project/RISC_V/myown_riscv/alu.vhd Line: 23
    Info (12023): Found entity 1: alu File: C:/Users/TRETEC/Documents/Master_1/M1_project/RISC_V/myown_riscv/alu.vhd Line: 6
Info (12021): Found 2 design units, including 1 entities, in source file data_memory.vhd
    Info (12022): Found design unit 1: data_memory-behav File: C:/Users/TRETEC/Documents/Master_1/M1_project/RISC_V/myown_riscv/data_memory.vhd Line: 24
    Info (12023): Found entity 1: data_memory File: C:/Users/TRETEC/Documents/Master_1/M1_project/RISC_V/myown_riscv/data_memory.vhd Line: 7
Info (12021): Found 2 design units, including 1 entities, in source file lm.vhd
    Info (12022): Found design unit 1: LM-behavioral File: C:/Users/TRETEC/Documents/Master_1/M1_project/RISC_V/myown_riscv/LM.vhd Line: 16
    Info (12023): Found entity 1: LM File: C:/Users/TRETEC/Documents/Master_1/M1_project/RISC_V/myown_riscv/LM.vhd Line: 6
Info (12021): Found 2 design units, including 1 entities, in source file sm.vhd
    Info (12022): Found design unit 1: SM-behav File: C:/Users/TRETEC/Documents/Master_1/M1_project/RISC_V/myown_riscv/SM.vhd Line: 21
    Info (12023): Found entity 1: SM File: C:/Users/TRETEC/Documents/Master_1/M1_project/RISC_V/myown_riscv/SM.vhd Line: 6
Info (12021): Found 2 design units, including 1 entities, in source file bc.vhd
    Info (12022): Found design unit 1: BC-behav File: C:/Users/TRETEC/Documents/Master_1/M1_project/RISC_V/myown_riscv/BC.vhd Line: 17
    Info (12023): Found entity 1: BC File: C:/Users/TRETEC/Documents/Master_1/M1_project/RISC_V/myown_riscv/BC.vhd Line: 7
Info (12127): Elaborating entity "top_level" for the top level hierarchy
Warning (10541): VHDL Signal Declaration warning at top_level.vhd(38): used implicit default value for signal "result_s" because signal was never assigned a value or an explicit default value. Use of implicit default value may introduce unintended design optimizations. File: C:/Users/TRETEC/Documents/Master_1/M1_project/RISC_V/myown_riscv/top_level.vhd Line: 38
Warning (10036): Verilog HDL or VHDL warning at top_level.vhd(46): object "zero_flag" assigned a value but never read File: C:/Users/TRETEC/Documents/Master_1/M1_project/RISC_V/myown_riscv/top_level.vhd Line: 46
Warning (10492): VHDL Process Statement warning at top_level.vhd(169): signal "F_s" is read inside the Process Statement but isn't in the Process Statement's sensitivity list File: C:/Users/TRETEC/Documents/Master_1/M1_project/RISC_V/myown_riscv/top_level.vhd Line: 169
Info (12128): Elaborating entity "pc_unit" for hierarchy "pc_unit:program_counter" File: C:/Users/TRETEC/Documents/Master_1/M1_project/RISC_V/myown_riscv/top_level.vhd Line: 185
Info (12128): Elaborating entity "instr_memory" for hierarchy "instr_memory:instruction_memory" File: C:/Users/TRETEC/Documents/Master_1/M1_project/RISC_V/myown_riscv/top_level.vhd Line: 195
Info (12128): Elaborating entity "decoder" for hierarchy "decoder:decoder1" File: C:/Users/TRETEC/Documents/Master_1/M1_project/RISC_V/myown_riscv/top_level.vhd Line: 201
Warning (10631): VHDL Process Statement warning at decoder.vhd(71): inferring latch(es) for signal or variable "imm", which holds its previous value in one or more paths through the process File: C:/Users/TRETEC/Documents/Master_1/M1_project/RISC_V/myown_riscv/decoder.vhd Line: 71
Info (10041): Inferred latch for "imm[11]" at decoder.vhd(71) File: C:/Users/TRETEC/Documents/Master_1/M1_project/RISC_V/myown_riscv/decoder.vhd Line: 71
Info (12128): Elaborating entity "reg_file" for hierarchy "reg_file:register_file" File: C:/Users/TRETEC/Documents/Master_1/M1_project/RISC_V/myown_riscv/top_level.vhd Line: 219
Info (12128): Elaborating entity "alu" for hierarchy "alu:ALU1" File: C:/Users/TRETEC/Documents/Master_1/M1_project/RISC_V/myown_riscv/top_level.vhd Line: 231
Info (12128): Elaborating entity "data_memory" for hierarchy "data_memory:data_memory1" File: C:/Users/TRETEC/Documents/Master_1/M1_project/RISC_V/myown_riscv/top_level.vhd Line: 245
Info (12128): Elaborating entity "LM" for hierarchy "LM:LoadMem" File: C:/Users/TRETEC/Documents/Master_1/M1_project/RISC_V/myown_riscv/top_level.vhd Line: 256
Info (12128): Elaborating entity "SM" for hierarchy "SM:storeMem" File: C:/Users/TRETEC/Documents/Master_1/M1_project/RISC_V/myown_riscv/top_level.vhd Line: 264
Info (12128): Elaborating entity "BC" for hierarchy "BC:BranchCounter" File: C:/Users/TRETEC/Documents/Master_1/M1_project/RISC_V/myown_riscv/top_level.vhd Line: 275
Warning (10492): VHDL Process Statement warning at BC.vhd(25): signal "Btype" is read inside the Process Statement but isn't in the Process Statement's sensitivity list File: C:/Users/TRETEC/Documents/Master_1/M1_project/RISC_V/myown_riscv/BC.vhd Line: 25
Info (16010): Generating hard_block partition "hard_block:auto_generated_inst"
    Info (16011): Adding 0 node(s), including 0 DDIO, 0 PLL, 0 transceiver and 0 LCELL
Warning (21074): Design contains 2 input pin(s) that do not drive logic
    Warning (15610): No output dependent on input pin "clk" File: C:/Users/TRETEC/Documents/Master_1/M1_project/RISC_V/myown_riscv/top_level.vhd Line: 12
    Warning (15610): No output dependent on input pin "reset" File: C:/Users/TRETEC/Documents/Master_1/M1_project/RISC_V/myown_riscv/top_level.vhd Line: 13
Info (21057): Implemented 2 device resources after synthesis - the final resource count might be different
    Info (21058): Implemented 2 input pins
    Info (21059): Implemented 0 output pins
Info: Quartus Prime Analysis & Synthesis was successful. 0 errors, 9 warnings
    Info: Peak virtual memory: 4853 megabytes
    Info: Processing ended: Tue May 28 00:34:21 2024
    Info: Elapsed time: 00:00:11
    Info: Total CPU time (on all processors): 00:00:05


